<?xml version="1.0" encoding="UTF-8"?>
<testsuite name="com.example.rackoribs.RackORibsApplicationTests" tests="1" skipped="0" failures="0" errors="0" timestamp="2021-01-18T00:17:20" hostname="kaleb-Q502LA" time="0.331">
  <properties/>
  <testcase name="contextLoads()" classname="com.example.rackoribs.RackORibsApplicationTests" time="0.331"/>
  <system-out><![CDATA[18:17:18.544 [Test worker] DEBUG org.springframework.test.context.BootstrapUtils - Instantiating CacheAwareContextLoaderDelegate from class [org.springframework.test.context.cache.DefaultCacheAwareContextLoaderDelegate]
18:17:18.558 [Test worker] DEBUG org.springframework.test.context.BootstrapUtils - Instantiating BootstrapContext using constructor [public org.springframework.test.context.support.DefaultBootstrapContext(java.lang.Class,org.springframework.test.context.CacheAwareContextLoaderDelegate)]
18:17:18.609 [Test worker] DEBUG org.springframework.test.context.BootstrapUtils - Instantiating TestContextBootstrapper for test class [com.example.rackoribs.RackORibsApplicationTests] from class [org.springframework.boot.test.context.SpringBootTestContextBootstrapper]
18:17:18.622 [Test worker] INFO org.springframework.boot.test.context.SpringBootTestContextBootstrapper - Neither @ContextConfiguration nor @ContextHierarchy found for test class [com.example.rackoribs.RackORibsApplicationTests], using SpringBootContextLoader
18:17:18.626 [Test worker] DEBUG org.springframework.test.context.support.AbstractContextLoader - Did not detect default resource location for test class [com.example.rackoribs.RackORibsApplicationTests]: class path resource [com/example/rackoribs/RackORibsApplicationTests-context.xml] does not exist
18:17:18.627 [Test worker] DEBUG org.springframework.test.context.support.AbstractContextLoader - Did not detect default resource location for test class [com.example.rackoribs.RackORibsApplicationTests]: class path resource [com/example/rackoribs/RackORibsApplicationTestsContext.groovy] does not exist
18:17:18.628 [Test worker] INFO org.springframework.test.context.support.AbstractContextLoader - Could not detect default resource locations for test class [com.example.rackoribs.RackORibsApplicationTests]: no resource found for suffixes {-context.xml, Context.groovy}.
18:17:18.629 [Test worker] INFO org.springframework.test.context.support.AnnotationConfigContextLoaderUtils - Could not detect default configuration classes for test class [com.example.rackoribs.RackORibsApplicationTests]: RackORibsApplicationTests does not declare any static, non-private, non-final, nested classes annotated with @Configuration.
18:17:18.687 [Test worker] DEBUG org.springframework.test.context.support.ActiveProfilesUtils - Could not find an 'annotation declaring class' for annotation type [org.springframework.test.context.ActiveProfiles] and class [com.example.rackoribs.RackORibsApplicationTests]
18:17:18.770 [Test worker] DEBUG org.springframework.context.annotation.ClassPathScanningCandidateComponentProvider - Identified candidate component class: file [/home/kaleb/repos/rack-o-ribs/build/classes/java/main/com/example/rackoribs/RackORibsApplication.class]
18:17:18.771 [Test worker] INFO org.springframework.boot.test.context.SpringBootTestContextBootstrapper - Found @SpringBootConfiguration com.example.rackoribs.RackORibsApplication for test class com.example.rackoribs.RackORibsApplicationTests
18:17:18.882 [Test worker] DEBUG org.springframework.boot.test.context.SpringBootTestContextBootstrapper - @TestExecutionListeners is not present for class [com.example.rackoribs.RackORibsApplicationTests]: using defaults.
18:17:18.883 [Test worker] INFO org.springframework.boot.test.context.SpringBootTestContextBootstrapper - Loaded default TestExecutionListener class names from location [META-INF/spring.factories]: [org.springframework.boot.test.autoconfigure.restdocs.RestDocsTestExecutionListener, org.springframework.boot.test.autoconfigure.web.client.MockRestServiceServerResetTestExecutionListener, org.springframework.boot.test.autoconfigure.web.servlet.MockMvcPrintOnlyOnFailureTestExecutionListener, org.springframework.boot.test.autoconfigure.web.servlet.WebDriverTestExecutionListener, org.springframework.boot.test.autoconfigure.webservices.client.MockWebServiceServerTestExecutionListener, org.springframework.boot.test.mock.mockito.MockitoTestExecutionListener, org.springframework.boot.test.mock.mockito.ResetMocksTestExecutionListener, org.springframework.test.context.web.ServletTestExecutionListener, org.springframework.test.context.support.DirtiesContextBeforeModesTestExecutionListener, org.springframework.test.context.event.ApplicationEventsTestExecutionListener, org.springframework.test.context.support.DependencyInjectionTestExecutionListener, org.springframework.test.context.support.DirtiesContextTestExecutionListener, org.springframework.test.context.transaction.TransactionalTestExecutionListener, org.springframework.test.context.jdbc.SqlScriptsTestExecutionListener, org.springframework.test.context.event.EventPublishingTestExecutionListener]
18:17:18.895 [Test worker] DEBUG org.springframework.boot.test.context.SpringBootTestContextBootstrapper - Skipping candidate TestExecutionListener [org.springframework.test.context.transaction.TransactionalTestExecutionListener] due to a missing dependency. Specify custom listener classes or make the default listener classes and their required dependencies available. Offending class: [org/springframework/transaction/interceptor/TransactionAttributeSource]
18:17:18.896 [Test worker] DEBUG org.springframework.boot.test.context.SpringBootTestContextBootstrapper - Skipping candidate TestExecutionListener [org.springframework.test.context.jdbc.SqlScriptsTestExecutionListener] due to a missing dependency. Specify custom listener classes or make the default listener classes and their required dependencies available. Offending class: [org/springframework/transaction/interceptor/TransactionAttribute]
18:17:18.896 [Test worker] INFO org.springframework.boot.test.context.SpringBootTestContextBootstrapper - Using TestExecutionListeners: [org.springframework.test.context.web.ServletTestExecutionListener@57f03735, org.springframework.test.context.support.DirtiesContextBeforeModesTestExecutionListener@46b5834c, org.springframework.test.context.event.ApplicationEventsTestExecutionListener@47ac4b4d, org.springframework.boot.test.mock.mockito.MockitoTestExecutionListener@186e41a9, org.springframework.boot.test.autoconfigure.SpringBootDependencyInjectionTestExecutionListener@4e71940e, org.springframework.test.context.support.DirtiesContextTestExecutionListener@2434d16f, org.springframework.test.context.event.EventPublishingTestExecutionListener@1671087, org.springframework.boot.test.autoconfigure.restdocs.RestDocsTestExecutionListener@6b6e7a0b, org.springframework.boot.test.autoconfigure.web.client.MockRestServiceServerResetTestExecutionListener@297d428c, org.springframework.boot.test.autoconfigure.web.servlet.MockMvcPrintOnlyOnFailureTestExecutionListener@2bc04165, org.springframework.boot.test.autoconfigure.web.servlet.WebDriverTestExecutionListener@121a9fb2, org.springframework.boot.test.autoconfigure.webservices.client.MockWebServiceServerTestExecutionListener@abc11d8, org.springframework.boot.test.mock.mockito.ResetMocksTestExecutionListener@49964b21]
18:17:18.900 [Test worker] DEBUG org.springframework.test.context.support.AbstractDirtiesContextTestExecutionListener - Before test class: context [DefaultTestContext@282bb426 testClass = RackORibsApplicationTests, testInstance = [null], testMethod = [null], testException = [null], mergedContextConfiguration = [WebMergedContextConfiguration@4d8329c4 testClass = RackORibsApplicationTests, locations = '{}', classes = '{class com.example.rackoribs.RackORibsApplication}', contextInitializerClasses = '[]', activeProfiles = '{}', propertySourceLocations = '{}', propertySourceProperties = '{org.springframework.boot.test.context.SpringBootTestContextBootstrapper=true}', contextCustomizers = set[org.springframework.boot.test.autoconfigure.actuate.metrics.MetricsExportContextCustomizerFactory$DisableMetricExportContextCustomizer@baa3b77, org.springframework.boot.test.autoconfigure.properties.PropertyMappingContextCustomizer@0, org.springframework.boot.test.autoconfigure.web.servlet.WebDriverContextCustomizerFactory$Customizer@8a33d08, org.springframework.boot.test.context.filter.ExcludeFilterContextCustomizer@7e949455, org.springframework.boot.test.json.DuplicateJsonObjectContextCustomizerFactory$DuplicateJsonObjectContextCustomizer@567593fb, org.springframework.boot.test.mock.mockito.MockitoContextCustomizer@0, org.springframework.boot.test.web.client.TestRestTemplateContextCustomizer@38ca67b4, org.springframework.boot.test.context.SpringBootTestArgs@1, org.springframework.boot.test.context.SpringBootTestWebEnvironment@13f11f3c], resourceBasePath = 'src/main/webapp', contextLoader = 'org.springframework.boot.test.context.SpringBootContextLoader', parent = [null]], attributes = map['org.springframework.test.context.web.ServletTestExecutionListener.activateListener' -> true]], class annotated with @DirtiesContext [false] with mode [null].
18:17:18.935 [Test worker] DEBUG org.springframework.test.context.support.TestPropertySourceUtils - Adding inlined properties to environment: {spring.jmx.enabled=false, org.springframework.boot.test.context.SpringBootTestContextBootstrapper=true}

  .   ____          _            __ _ _
 /\\ / ___'_ __ _ _(_)_ __  __ _ \ \ \ \
( ( )\___ | '_ | '_| | '_ \/ _` | \ \ \ \
 \\/  ___)| |_)| | | | | || (_| |  ) ) ) )
  '  |____| .__|_| |_|_| |_\__, | / / / /
 =========|_|==============|___/=/_/_/_/
 :: Spring Boot ::                (v2.4.2)

2021-01-17 18:17:19.279  INFO 21666 --- [    Test worker] c.e.rackoribs.RackORibsApplicationTests  : Starting RackORibsApplicationTests using Java 11.0.7 on kaleb-Q502LA with PID 21666 (started by root in /home/kaleb/repos/rack-o-ribs)
2021-01-17 18:17:19.285  INFO 21666 --- [    Test worker] c.e.rackoribs.RackORibsApplicationTests  : No active profile set, falling back to default profiles: default
2021-01-17 18:17:20.641  INFO 21666 --- [    Test worker] o.s.s.concurrent.ThreadPoolTaskExecutor  : Initializing ExecutorService 'applicationTaskExecutor'
2021-01-17 18:17:20.977  INFO 21666 --- [    Test worker] c.e.rackoribs.RackORibsApplicationTests  : Started RackORibsApplicationTests in 2.032 seconds (JVM running for 3.451)
]]></system-out>
  <system-err><![CDATA[]]></system-err>
</testsuite>
